{"D:\\ReactLessons\\react-lessons-local\\src\\components\\Form\\Form.tsx": {"path":"D:\\ReactLessons\\react-lessons-local\\src\\components\\Form\\Form.tsx","statementMap":{"0":{"start":{"line":10,"column":26},"end":{"line":13,"column":1}},"1":{"start":{"line":15,"column":35},"end":{"line":32,"column":1}},"2":{"start":{"line":16,"column":34},"end":{"line":16,"column":46}},"3":{"start":{"line":17,"column":21},"end":{"line":17,"column":29}},"4":{"start":{"line":19,"column":24},"end":{"line":22,"column":5}},"5":{"start":{"line":20,"column":8},"end":{"line":20,"column":50}},"6":{"start":{"line":21,"column":8},"end":{"line":21,"column":36}},"7":{"start":{"line":24,"column":4},"end":{"line":31,"column":10}},"8":{"start":{"line":26,"column":36},"end":{"line":26,"column":63}}},"fnMap":{"0":{"name":"(anonymous_0)","decl":{"start":{"line":15,"column":35},"end":{"line":15,"column":36}},"loc":{"start":{"line":15,"column":54},"end":{"line":32,"column":1}},"line":15},"1":{"name":"(anonymous_1)","decl":{"start":{"line":19,"column":24},"end":{"line":19,"column":25}},"loc":{"start":{"line":19,"column":30},"end":{"line":22,"column":5}},"line":19},"2":{"name":"(anonymous_2)","decl":{"start":{"line":26,"column":28},"end":{"line":26,"column":29}},"loc":{"start":{"line":26,"column":35},"end":{"line":26,"column":65}},"line":26}},"branchMap":{},"s":{"0":2,"1":2,"2":4,"3":4,"4":4,"5":1,"6":1,"7":4,"8":0},"f":{"0":4,"1":1,"2":0},"b":{},"_coverageSchema":"1a1c01bbd47fc00a2c39e90264f33305004495a9","hash":"cc1ce37144e7d9d01c1278fbc684ef5ae9fcfa91"}
,"D:\\ReactLessons\\react-lessons-local\\src\\components\\Form\\form.module.less": {"path":"D:\\ReactLessons\\react-lessons-local\\src\\components\\Form\\form.module.less","statementMap":{"0":{"start":{"line":1,"column":0},"end":{"line":1,"column":19}}},"fnMap":{},"branchMap":{},"s":{"0":2},"f":{},"b":{},"_coverageSchema":"1a1c01bbd47fc00a2c39e90264f33305004495a9","hash":"ccff5237b541061de182fa53fa9aa2147d211c0a"}
}
