{"D:\\ReactLessons\\react-lessons-local\\src\\components\\Form\\Form.tsx": {"path":"D:\\ReactLessons\\react-lessons-local\\src\\components\\Form\\Form.tsx","statementMap":{"0":{"start":{"line":9,"column":26},"end":{"line":12,"column":1}},"1":{"start":{"line":14,"column":35},"end":{"line":40,"column":1}},"2":{"start":{"line":15,"column":32},"end":{"line":15,"column":44}},"3":{"start":{"line":16,"column":19},"end":{"line":16,"column":52}},"4":{"start":{"line":18,"column":22},"end":{"line":23,"column":3}},"5":{"start":{"line":19,"column":4},"end":{"line":19,"column":47}},"6":{"start":{"line":20,"column":4},"end":{"line":22,"column":5}},"7":{"start":{"line":21,"column":6},"end":{"line":21,"column":34}},"8":{"start":{"line":25,"column":2},"end":{"line":39,"column":4}},"9":{"start":{"line":32,"column":10},"end":{"line":32,"column":37}}},"fnMap":{"0":{"name":"(anonymous_0)","decl":{"start":{"line":14,"column":35},"end":{"line":14,"column":36}},"loc":{"start":{"line":14,"column":56},"end":{"line":40,"column":1}},"line":14},"1":{"name":"(anonymous_1)","decl":{"start":{"line":18,"column":22},"end":{"line":18,"column":23}},"loc":{"start":{"line":18,"column":28},"end":{"line":23,"column":3}},"line":18},"2":{"name":"(anonymous_2)","decl":{"start":{"line":31,"column":18},"end":{"line":31,"column":19}},"loc":{"start":{"line":31,"column":25},"end":{"line":33,"column":9}},"line":31}},"branchMap":{"0":{"loc":{"start":{"line":20,"column":4},"end":{"line":22,"column":5}},"type":"if","locations":[{"start":{"line":20,"column":4},"end":{"line":22,"column":5}},{"start":{},"end":{}}],"line":20},"1":{"loc":{"start":{"line":20,"column":8},"end":{"line":20,"column":36}},"type":"binary-expr","locations":[{"start":{"line":20,"column":8},"end":{"line":20,"column":16}},{"start":{"line":20,"column":20},"end":{"line":20,"column":36}}],"line":20}},"s":{"0":1,"1":1,"2":3,"3":3,"4":3,"5":1,"6":1,"7":1,"8":3,"9":0},"f":{"0":3,"1":1,"2":0},"b":{"0":[1,0],"1":[1,1]},"_coverageSchema":"1a1c01bbd47fc00a2c39e90264f33305004495a9","hash":"e426258b2da6fa092629db9efd83cc02ec8ce9f0"}
,"D:\\ReactLessons\\react-lessons-local\\src\\components\\Form\\form.module.less": {"path":"D:\\ReactLessons\\react-lessons-local\\src\\components\\Form\\form.module.less","statementMap":{"0":{"start":{"line":1,"column":0},"end":{"line":1,"column":19}}},"fnMap":{},"branchMap":{},"s":{"0":1},"f":{},"b":{},"_coverageSchema":"1a1c01bbd47fc00a2c39e90264f33305004495a9","hash":"ccff5237b541061de182fa53fa9aa2147d211c0a"}
}
